<?xml version="1.0" encoding="UTF-8"?>
<!-- Generated by org.testng.reporters.JUnitXMLReporter -->
<testsuite hostname="CDWILT004" ignored="0" name="Default test" tests="5" failures="0" timestamp="2022-06-13T17:51:45 SGT" time="23.774" errors="0">
  <testcase name="cLogIn" time="2.072" classname="medRunner.runnerUser"/>
  <testcase name="dFilterProduct" time="5.44" classname="medRunner.runnerUser"/>
  <testcase name="eCheckoutProduct" time="5.317" classname="medRunner.runnerUser"/>
  <testcase name="fOrderConfirmed" time="1.621" classname="medRunner.runnerUser"/>
  <testcase name="yLogout" time="2.617" classname="medRunner.runnerUser"/>
</testsuite> <!-- Default test -->
